{"C:\\Users\\tarac\\Documents\\coding\\github\\learning-jest\\src\\filterByTerm.js": {"path":"C:\\Users\\tarac\\Documents\\coding\\github\\learning-jest\\src\\filterByTerm.js","statementMap":{"0":{"start":{"line":1,"column":0},"end":{"line":8,"column":1}},"1":{"start":{"line":2,"column":4},"end":{"line":2,"column":63}},"2":{"start":{"line":2,"column":21},"end":{"line":2,"column":63}},"3":{"start":{"line":4,"column":4},"end":{"line":4,"column":66}},"4":{"start":{"line":4,"column":26},"end":{"line":4,"column":66}},"5":{"start":{"line":6,"column":4},"end":{"line":6,"column":80}},"6":{"start":{"line":6,"column":35},"end":{"line":6,"column":78}},"7":{"start":{"line":10,"column":0},"end":{"line":10,"column":30}}},"fnMap":{"0":{"name":"(anonymous_0)","decl":{"start":{"line":1,"column":15},"end":{"line":1,"column":16}},"loc":{"start":{"line":1,"column":41},"end":{"line":8,"column":1}},"line":1},"1":{"name":"(anonymous_1)","decl":{"start":{"line":6,"column":27},"end":{"line":6,"column":28}},"loc":{"start":{"line":6,"column":35},"end":{"line":6,"column":78}},"line":6}},"branchMap":{"0":{"loc":{"start":{"line":2,"column":4},"end":{"line":2,"column":63}},"type":"if","locations":[{"start":{"line":2,"column":4},"end":{"line":2,"column":63}},{"start":{"line":2,"column":4},"end":{"line":2,"column":63}}],"line":2},"1":{"loc":{"start":{"line":4,"column":4},"end":{"line":4,"column":66}},"type":"if","locations":[{"start":{"line":4,"column":4},"end":{"line":4,"column":66}},{"start":{"line":4,"column":4},"end":{"line":4,"column":66}}],"line":4}},"s":{"0":1,"1":4,"2":1,"3":3,"4":0,"5":3,"6":9,"7":1},"f":{"0":4,"1":9},"b":{"0":[1,3],"1":[0,3]},"_coverageSchema":"43e27e138ebf9cfc5966b082cf9a028302ed4184","hash":"e1f601b6b658b8003541402b4489605cd79e2c39"}
}
